<?xml version="1.0" encoding="UTF-8"?>
<!-- Generated by org.testng.reporters.JUnitXMLReporter -->
<testsuite ignored="9" hostname="DESKTOP-QAMMM81" failures="0" tests="1" name="Default test" time="37.109" errors="0" timestamp="2026-06-30T12:49:28 IST">
  <testcase classname="testscripts.EndtoEndTest" name="endToEndMultiplePurchasesInSameSession" time="24.043"/>
  <testcase classname="testscripts.EndtoEndTest" name="endToEndCompleteFlowWithOrderCompletionValidation" time="0.0">
    <ignored/>
  </testcase> <!-- endToEndCompleteFlowWithOrderCompletionValidation -->
  <testcase classname="testscripts.EndtoEndTest" name="endToEndLockedUserLoginScenario" time="0.0">
    <ignored/>
  </testcase> <!-- endToEndLockedUserLoginScenario -->
  <testcase classname="testscripts.EndtoEndTest" name="endToEndInvalidLoginFlowWithErrorHandling" time="0.0">
    <ignored/>
  </testcase> <!-- endToEndInvalidLoginFlowWithErrorHandling -->
  <testcase classname="testscripts.EndtoEndTest" name="endToEndLogoutFlowAndSessionManagement" time="0.0">
    <ignored/>
  </testcase> <!-- endToEndLogoutFlowAndSessionManagement -->
  <testcase classname="testscripts.EndtoEndTest" name="endToEndCompletePurchaseFlow" time="0.0">
    <ignored/>
  </testcase> <!-- endToEndCompletePurchaseFlow -->
  <testcase classname="testscripts.EndtoEndTest" name="endToEndCancelAtDifferentStages" time="0.0">
    <ignored/>
  </testcase> <!-- endToEndCancelAtDifferentStages -->
  <testcase classname="testscripts.EndtoEndTest" name="endToEndProductFilteringAndSortingDuringPurchase" time="0.0">
    <ignored/>
  </testcase> <!-- endToEndProductFilteringAndSortingDuringPurchase -->
  <testcase classname="testscripts.EndtoEndTest" name="endToEndAddRemoveAndPurchaseFlow" time="0.0">
    <ignored/>
  </testcase> <!-- endToEndAddRemoveAndPurchaseFlow -->
  <testcase classname="testscripts.EndtoEndTest" name="endToEndMultipleProductsWithPriceVerification" time="0.0">
    <ignored/>
  </testcase> <!-- endToEndMultipleProductsWithPriceVerification -->
</testsuite> <!-- Default test -->
