<?xml version="1.0" encoding="UTF-8"?>
<testng-results ignored="9" total="10" passed="1" failed="0" skipped="0">
  <reporter-output>
  </reporter-output>
  <suite started-at="2026-06-30T12:48:51 IST" name="Default suite" finished-at="2026-06-30T12:49:28 IST" duration-ms="37109">
    <groups>
    </groups>
    <test started-at="2026-06-30T12:48:51 IST" name="Default test" finished-at="2026-06-30T12:49:28 IST" duration-ms="37109">
      <class name="testscripts.EndtoEndTest">
        <test-method is-config="true" signature="setupBrowser()[pri:0, instance:testscripts.EndtoEndTest@1d296da]" started-at="2026-06-30T12:48:51 IST" name="setupBrowser" finished-at="2026-06-30T12:49:01 IST" duration-ms="10130" status="PASS">
          <reporter-output>
          </reporter-output>
        </test-method> <!-- setupBrowser -->
        <test-method signature="endToEndMultiplePurchasesInSameSession()[pri:10, instance:testscripts.EndtoEndTest@1d296da]" started-at="2026-06-30T12:49:01 IST" name="endToEndMultiplePurchasesInSameSession" finished-at="2026-06-30T12:49:25 IST" duration-ms="24043" status="PASS">
          <reporter-output>
          </reporter-output>
        </test-method> <!-- endToEndMultiplePurchasesInSameSession -->
        <test-method is-config="true" signature="tearDown()[pri:0, instance:testscripts.EndtoEndTest@1d296da]" started-at="2026-06-30T12:49:25 IST" name="tearDown" finished-at="2026-06-30T12:49:28 IST" duration-ms="2642" status="PASS">
          <reporter-output>
          </reporter-output>
        </test-method> <!-- tearDown -->
      </class> <!-- testscripts.EndtoEndTest -->
    </test> <!-- Default test -->
  </suite> <!-- Default suite -->
</testng-results>
