<?xml version="1.0" encoding="UTF-8"?>
<!-- Generated by org.testng.reporters.JUnitReportReporter -->
<testsuite hostname="DESKTOP-QAMMM81" failures="0" tests="10" name="testscripts.FInalCheckoutpageTest" time="175.199" errors="0" timestamp="2026-06-30T11:05:01 IST" skipped="0">
  <testcase classname="testscripts.FInalCheckoutpageTest" name="verifyCheckoutPageTitle" time="17.129"/>
  <testcase classname="testscripts.FInalCheckoutpageTest" name="verifyOrderSummaryWithAllProducts" time="16.482"/>
  <testcase classname="testscripts.FInalCheckoutpageTest" name="verifyProductPricesDisplay" time="16.918"/>
  <testcase classname="testscripts.FInalCheckoutpageTest" name="verifyPaymentInformationDisplay" time="16.297"/>
  <testcase classname="testscripts.FInalCheckoutpageTest" name="verifyShippingInformationDisplay" time="15.358"/>
  <testcase classname="testscripts.FInalCheckoutpageTest" name="verifyPriceCalculationAccuracy" time="16.152"/>
  <testcase classname="testscripts.FInalCheckoutpageTest" name="verifyQuantityDisplay" time="15.424"/>
  <testcase classname="testscripts.FInalCheckoutpageTest" name="verifyCancelButtonFunctionality" time="24.372"/>
  <testcase classname="testscripts.FInalCheckoutpageTest" name="verifyFinishButtonPlacesOrderSuccessfully" time="17.869"/>
  <testcase classname="testscripts.FInalCheckoutpageTest" name="verifyAllUIElementsVisibleAndEnabled" time="19.198"/>
</testsuite> <!-- testscripts.FInalCheckoutpageTest -->
